Mysql2::Error: Table 'store_test.users' doesn't exist: SHOW FULL FIELDS FROM `users`

ActiveRecord::StatementInvalid (Mysql2::Error: Table 'store_test.users' doesn't exist: SHOW FULL FIELDS FROM `users`):
  app/controllers/sessions_controller.rb:7:in `create'



ActionController::RoutingError (No route matches [GET] "/ajax.googleapis.com/ajax/libs/jquery/2.0.3/jquery.min.js"):
  actionpack (4.0.0.rc1) lib/action_dispatch/middleware/debug_exceptions.rb:21:in `call'
  actionpack (4.0.0.rc1) lib/action_dispatch/middleware/show_exceptions.rb:30:in `call'
  railties (4.0.0.rc1) lib/rails/rack/logger.rb:38:in `call_app'
  railties (4.0.0.rc1) lib/rails/rack/logger.rb:21:in `block in call'
  activesupport (4.0.0.rc1) lib/active_support/tagged_logging.rb:67:in `block in tagged'
  activesupport (4.0.0.rc1) lib/active_support/tagged_logging.rb:25:in `tagged'
  activesupport (4.0.0.rc1) lib/active_support/tagged_logging.rb:67:in `tagged'
  railties (4.0.0.rc1) lib/rails/rack/logger.rb:21:in `call'
  actionpack (4.0.0.rc1) lib/action_dispatch/middleware/request_id.rb:21:in `call'
  rack (1.5.2) lib/rack/methodoverride.rb:21:in `call'
  rack (1.5.2) lib/rack/runtime.rb:17:in `call'
  activesupport (4.0.0.rc1) lib/active_support/cache/strategy/local_cache.rb:83:in `call'
  rack (1.5.2) lib/rack/lock.rb:17:in `call'
  actionpack (4.0.0.rc1) lib/action_dispatch/middleware/static.rb:64:in `call'
  railties (4.0.0.rc1) lib/rails/engine.rb:511:in `call'
  railties (4.0.0.rc1) lib/rails/application.rb:96:in `call'
  rack (1.5.2) lib/rack/content_length.rb:14:in `call'
  thin (1.6.1) lib/thin/connection.rb:82:in `block in pre_process'
  thin (1.6.1) lib/thin/connection.rb:80:in `catch'
  thin (1.6.1) lib/thin/connection.rb:80:in `pre_process'
  thin (1.6.1) lib/thin/connection.rb:55:in `process'
  thin (1.6.1) lib/thin/connection.rb:41:in `receive_data'
  eventmachine-1.0.3-x86 (mingw32) lib/eventmachine.rb:187:in `run_machine'
  eventmachine-1.0.3-x86 (mingw32) lib/eventmachine.rb:187:in `run'
  thin (1.6.1) lib/thin/backends/base.rb:73:in `start'
  thin (1.6.1) lib/thin/server.rb:162:in `start'
  rack (1.5.2) lib/rack/handler/thin.rb:16:in `run'
  rack (1.5.2) lib/rack/server.rb:264:in `start'
  railties (4.0.0.rc1) lib/rails/commands/server.rb:84:in `start'
  railties (4.0.0.rc1) lib/rails/commands.rb:80:in `block in <top (required)>'
  railties (4.0.0.rc1) lib/rails/commands.rb:75:in `tap'
  railties (4.0.0.rc1) lib/rails/commands.rb:75:in `<top (required)>'
  script/rails:6:in `require'
  script/rails:6:in `<main>'



ActionController::RoutingError (No route matches [GET] "/assets/js/jquery-2.0.3.min.js"):
  actionpack (4.0.0.rc1) lib/action_dispatch/middleware/debug_exceptions.rb:21:in `call'
  actionpack (4.0.0.rc1) lib/action_dispatch/middleware/show_exceptions.rb:30:in `call'
  railties (4.0.0.rc1) lib/rails/rack/logger.rb:38:in `call_app'
  railties (4.0.0.rc1) lib/rails/rack/logger.rb:21:in `block in call'
  activesupport (4.0.0.rc1) lib/active_support/tagged_logging.rb:67:in `block in tagged'
  activesupport (4.0.0.rc1) lib/active_support/tagged_logging.rb:25:in `tagged'
  activesupport (4.0.0.rc1) lib/active_support/tagged_logging.rb:67:in `tagged'
  railties (4.0.0.rc1) lib/rails/rack/logger.rb:21:in `call'
  actionpack (4.0.0.rc1) lib/action_dispatch/middleware/request_id.rb:21:in `call'
  rack (1.5.2) lib/rack/methodoverride.rb:21:in `call'
  rack (1.5.2) lib/rack/runtime.rb:17:in `call'
  activesupport (4.0.0.rc1) lib/active_support/cache/strategy/local_cache.rb:83:in `call'
  rack (1.5.2) lib/rack/lock.rb:17:in `call'
  actionpack (4.0.0.rc1) lib/action_dispatch/middleware/static.rb:64:in `call'
  railties (4.0.0.rc1) lib/rails/engine.rb:511:in `call'
  railties (4.0.0.rc1) lib/rails/application.rb:96:in `call'
  rack (1.5.2) lib/rack/content_length.rb:14:in `call'
  thin (1.6.1) lib/thin/connection.rb:82:in `block in pre_process'
  thin (1.6.1) lib/thin/connection.rb:80:in `catch'
  thin (1.6.1) lib/thin/connection.rb:80:in `pre_process'
  thin (1.6.1) lib/thin/connection.rb:55:in `process'
  thin (1.6.1) lib/thin/connection.rb:41:in `receive_data'
  eventmachine-1.0.3-x86 (mingw32) lib/eventmachine.rb:187:in `run_machine'
  eventmachine-1.0.3-x86 (mingw32) lib/eventmachine.rb:187:in `run'
  thin (1.6.1) lib/thin/backends/base.rb:73:in `start'
  thin (1.6.1) lib/thin/server.rb:162:in `start'
  rack (1.5.2) lib/rack/handler/thin.rb:16:in `run'
  rack (1.5.2) lib/rack/server.rb:264:in `start'
  railties (4.0.0.rc1) lib/rails/commands/server.rb:84:in `start'
  railties (4.0.0.rc1) lib/rails/commands.rb:80:in `block in <top (required)>'
  railties (4.0.0.rc1) lib/rails/commands.rb:75:in `tap'
  railties (4.0.0.rc1) lib/rails/commands.rb:75:in `<top (required)>'
  script/rails:6:in `require'
  script/rails:6:in `<main>'



NameError (undefined local variable or method `round' for #<PurchasePdf:0x700e888>):
  app/pdfs/purchase_pdf.rb:37:in `line_item_rows'
  app/pdfs/purchase_pdf.rb:17:in `line_items'
  app/pdfs/purchase_pdf.rb:11:in `initialize'
  app/controllers/purchases_controller.rb:25:in `new'
  app/controllers/purchases_controller.rb:25:in `block (2 levels) in show'
  app/controllers/purchases_controller.rb:21:in `show'



NameError (undefined local variable or method `round' for #<PurchasePdf:0x6ff8730>):
  app/pdfs/purchase_pdf.rb:37:in `line_item_rows'
  app/pdfs/purchase_pdf.rb:17:in `line_items'
  app/pdfs/purchase_pdf.rb:11:in `initialize'
  app/controllers/purchases_controller.rb:25:in `new'
  app/controllers/purchases_controller.rb:25:in `block (2 levels) in show'
  app/controllers/purchases_controller.rb:21:in `show'



NameError (undefined local variable or method `round' for #<PurchasePdf:0x58ca820>):
  app/pdfs/purchase_pdf.rb:37:in `line_item_rows'
  app/pdfs/purchase_pdf.rb:17:in `line_items'
  app/pdfs/purchase_pdf.rb:11:in `initialize'
  app/controllers/purchases_controller.rb:25:in `new'
  app/controllers/purchases_controller.rb:25:in `block (2 levels) in show'
  app/controllers/purchases_controller.rb:21:in `show'


